<?xml version="1.0" encoding="UTF-8"?>
<!-- Generated by org.testng.reporters.JUnitXMLReporter -->
<testsuite ignored="0" hostname="LNAR-5CG0082QSX" failures="0" tests="1" name="Default test(failed)" time="0.044" errors="0" timestamp="2020-12-22T22:53:08 CST">
  <testcase classname="SauceLabTest.TestCase1" name="@BeforeClass setup" time="-1.608699188817E9">
    <failure type="org.testng.TestNGException" message="
Parameter &amp;apos;browser&amp;apos; is required by BeforeClass on method setup but has not been marked @Optional or defined
in C:\CurrentAccount\Abirami\JavaProgram\SauceLabTest\test-output\testng-failed.xml">
      <![CDATA[org.testng.TestNGException: 
Parameter 'browser' is required by BeforeClass on method setup but has not been marked @Optional or defined
in C:\CurrentAccount\Abirami\JavaProgram\SauceLabTest\test-output\testng-failed.xml
at java.base/java.util.ArrayList.forEach(ArrayList.java:1511)
... Removed 22 stack frames]]>
    </failure>
  </testcase> <!-- @BeforeClass setup -->
  <testcase classname="SauceLabTest.TestCase1" name="@AfterClass tearDown" time="-1.608699188844E9">
    <skipped/>
  </testcase> <!-- @AfterClass tearDown -->
  <testcase classname="SauceLabTest.TestCase1" name="verifyLogin" time="0.0">
    <skipped/>
  </testcase> <!-- verifyLogin -->
</testsuite> <!-- Default test(failed) -->
