<?xml version="1.0" encoding="UTF-8"?>
<!-- Generated by org.testng.reporters.JUnitXMLReporter -->
<testsuite ignored="0" hostname="LNAR-5CG0082QSX" failures="0" tests="1" name="TestCH" time="0.729" errors="0" timestamp="2020-12-23T22:59:49 CST">
  <testcase classname="SauceLabTest.TestCase1" name="@BeforeClass setup" time="0.635">
    <failure type="org.openqa.selenium.WebDriverException" message="Unable to parse remote response: 

Misconfigured -- Unsupported Browser Version for W3C
The browser version selected does not support W3C web protocol tests.
To fix this, specify the browser version to be 75 or higher.
Or downgrade your test to JWP to test on older browser versions.

See https://wiki.saucelabs.com/display/DOCS/W3C+Capabilities+Support for more details.">
      <![CDATA[org.openqa.selenium.WebDriverException: Unable to parse remote response: 

Misconfigured -- Unsupported Browser Version for W3C
The browser version selected does not support W3C web protocol tests.
To fix this, specify the browser version to be 75 or higher.
Or downgrade your test to JWP to test on older browser versions.

See https://wiki.saucelabs.com/display/DOCS/W3C+Capabilities+Support for more details.
at org.openqa.selenium.remote.ProtocolHandshake.createSession(ProtocolHandshake.java:115)
at org.openqa.selenium.remote.ProtocolHandshake.createSession(ProtocolHandshake.java:74)
at org.openqa.selenium.remote.HttpCommandExecutor.execute(HttpCommandExecutor.java:136)
at org.openqa.selenium.remote.RemoteWebDriver.execute(RemoteWebDriver.java:552)
at org.openqa.selenium.remote.RemoteWebDriver.startSession(RemoteWebDriver.java:213)
at org.openqa.selenium.remote.RemoteWebDriver.<init>(RemoteWebDriver.java:131)
at org.openqa.selenium.remote.RemoteWebDriver.<init>(RemoteWebDriver.java:144)
at SauceLabTest.TestCase1.setup(TestCase1.java:45)
at java.base/java.util.ArrayList.forEach(ArrayList.java:1511)
Caused by: org.openqa.selenium.json.JsonException: Unable to determine type from: M. Last 3 characters read: 

M
Build info: version: 'unknown', revision: 'unknown', time: 'unknown'
System info: host: 'LNAR-5CG0082QSX', ip: '192.168.0.20', os.name: 'Windows 10', os.arch: 'amd64', os.version: '10.0', java.version: '15'
Driver info: driver.version: RemoteWebDriver
at org.openqa.selenium.json.JsonInput.peek(JsonInput.java:122)
at org.openqa.selenium.json.JsonTypeCoercer.lambda$null$6(JsonTypeCoercer.java:140)
at org.openqa.selenium.json.JsonTypeCoercer.coerce(JsonTypeCoercer.java:126)
at org.openqa.selenium.json.Json.toType(Json.java:69)
at org.openqa.selenium.json.Json.toType(Json.java:55)
at org.openqa.selenium.json.Json.toType(Json.java:50)
at org.openqa.selenium.remote.ProtocolHandshake.createSession(ProtocolHandshake.java:112)
... 33 more
... Removed 25 stack frames]]>
    </failure>
  </testcase> <!-- @BeforeClass setup -->
  <testcase classname="SauceLabTest.TestCase1" name="@AfterClass tearDown" time="-1.608785989727E9">
    <skipped/>
  </testcase> <!-- @AfterClass tearDown -->
  <testcase classname="SauceLabTest.TestCase1" name="verifyLogin" time="0.0">
    <skipped/>
  </testcase> <!-- verifyLogin -->
</testsuite> <!-- TestCH -->
